<?xml version="1.0" encoding="UTF-8"?>
<!-- Generated by org.testng.reporters.JUnitXMLReporter -->
<testsuite ignored="2" hostname="AbdurRuaf" failures="0" tests="2" name="fbhome_restart browser chrome" time="21.938" errors="0" timestamp="2023-12-19T11:58:51 EST">
  <testcase classname="ecommerce.Batch8TestNG.Parentclass" name="test1" time="4.176"/>
  <testcase classname="ecommerce.Batch8TestNG.Parentclass" name="test2" time="4.034"/>
  <testcase classname="ecommerce.Batch8TestNG.Parentclass" name="test4" time="0.0">
    <ignored/>
  </testcase> <!-- test4 -->
  <testcase classname="ecommerce.Batch8TestNG.Parentclass" name="test3" time="0.0">
    <ignored/>
  </testcase> <!-- test3 -->
</testsuite> <!-- fbhome_restart browser chrome -->
