<?xml version="1.0" encoding="UTF-8"?>
<!-- Generated by org.testng.reporters.JUnitXMLReporter -->
<testsuite ignored="0" hostname="AbdurRuaf" failures="0" tests="4" name="fbhome_restart browser" time="63.045" errors="0" timestamp="2023-12-14T08:57:57 EST">
  <testcase classname="ecommerce.Batch8TestNG.Parentclass" name="f3" time="3.464"/>
  <testcase classname="ecommerce.Batch8TestNG.Parentclass" name="f1" time="3.308"/>
  <testcase classname="ecommerce.Batch8TestNG.Parentclass" name="f2" time="3.325"/>
  <testcase classname="ecommerce.Batch8TestNG.Parentclass" name="f4" time="13.267"/>
</testsuite> <!-- fbhome_restart browser -->
